{"level":"info","message":"Logger initialized","timestamp":"2026-01-06T05:57:56.554Z"}
{"level":"info","message":"Logger initialized","timestamp":"2026-01-06T06:00:20.835Z"}
{"level":"info","message":"Logger initialized","timestamp":"2026-01-06T06:07:15.191Z"}
{"level":"info","message":"Logger initialized"}
{"level":"info","message":"Logger initialized"}
{"level":"info","message":"Logger initialized"}
{"level":"info","message":"Logger initialized"}
{"level":"info","message":"Logger initialized"}
{"level":"info","message":"Logger initialized"}
{"jobId":"1","level":"info","message":"Email job started","requestId":"5ad5a72a-5441-49c4-8f28-1dfae6a3434e","to":"test@example.com"}
{"level":"info","message":"HTTP request","method":"POST","requestId":"5ad5a72a-5441-49c4-8f28-1dfae6a3434e","responseTimeMs":20,"statusCode":202,"url":"/emails/send"}
{"jobId":"1","level":"info","message":"Email job sent successfully","requestId":"5ad5a72a-5441-49c4-8f28-1dfae6a3434e","to":"test@example.com"}
{"jobId":"1","level":"info","message":"Email job completed","requestId":"5ad5a72a-5441-49c4-8f28-1dfae6a3434e"}
{"level":"info","message":"HTTP request","method":"GET","requestId":"b177096a-2d38-4e8d-af7a-aa492d414793","responseTimeMs":12,"statusCode":404,"url":"/"}
{"level":"info","message":"HTTP request","method":"GET","requestId":"0049c07f-75c8-4ced-9ebe-9bcfd4f1247d","responseTimeMs":1,"statusCode":404,"url":"/send-email%0A"}
{"level":"info","message":"HTTP request","method":"GET","requestId":"5ca0855a-473f-4910-9333-f9ca820e4a29","responseTimeMs":1,"statusCode":404,"url":"/send-email%0A"}
{"level":"info","message":"HTTP request","method":"GET","requestId":"453b9bc1-a428-4a6f-b108-e106d2335656","responseTimeMs":3,"statusCode":404,"url":"/send-email"}
{"level":"info","message":"HTTP request","method":"GET","requestId":"7640a3af-cf92-4e90-a17d-ac3090d77a43","responseTimeMs":4,"statusCode":404,"url":"/emails"}
{"level":"info","message":"HTTP request","method":"GET","requestId":"d30ea2d5-a930-4ad6-88cf-2814c0777aa9","responseTimeMs":5,"statusCode":404,"url":"/emails"}
{"level":"info","message":"HTTP request","method":"GET","requestId":"addcbec5-ae35-45c1-aa85-46f65befab70","responseTimeMs":2,"statusCode":404,"url":"/emails"}
{"level":"info","message":"HTTP request","method":"GET","requestId":"5f6016e7-be58-46a9-8270-604c7b002401","responseTimeMs":30,"statusCode":304,"url":"/products"}
{"level":"info","message":"HTTP request","method":"POST","requestId":"7aeb20b9-a18a-402e-8a4d-6bb3df896bfd","responseTimeMs":1,"statusCode":404,"url":"/emails"}
{"level":"error","message":"Expected double-quoted property name in JSON at position 40","path":"/emails","requestId":"8244ad8e-68cd-46f3-b8a9-1f8520014443","stack":"SyntaxError: Expected double-quoted property name in JSON at position 40\n    at JSON.parse (<anonymous>)\n    at parse (/home/priyanshurajchauhan/Desktop/Traning/Week4/DAY5/node_modules/body-parser/lib/types/json.js:74:19)\n    at /home/priyanshurajchauhan/Desktop/Traning/Week4/DAY5/node_modules/body-parser/lib/read.js:163:18\n    at AsyncResource.runInAsyncScope (node:async_hooks:206:9)\n    at invokeCallback (/home/priyanshurajchauhan/Desktop/Traning/Week4/DAY5/node_modules/raw-body/index.js:238:16)\n    at done (/home/priyanshurajchauhan/Desktop/Traning/Week4/DAY5/node_modules/raw-body/index.js:227:7)\n    at IncomingMessage.onEnd (/home/priyanshurajchauhan/Desktop/Traning/Week4/DAY5/node_modules/raw-body/index.js:287:7)\n    at IncomingMessage.emit (node:events:524:28)\n    at endReadableNT (node:internal/streams/readable:1698:12)\n    at process.processTicksAndRejections (node:internal/process/task_queues:82:21)","statusCode":400}
{"level":"info","message":"HTTP request","method":"POST","requestId":"8244ad8e-68cd-46f3-b8a9-1f8520014443","responseTimeMs":2,"statusCode":400,"url":"/emails"}
{"level":"info","message":"HTTP request","method":"POST","requestId":"272b0057-fdec-4da9-b364-c39bb6ae2044","responseTimeMs":1,"statusCode":404,"url":"/emails"}
{"level":"info","message":"HTTP request","method":"POST","requestId":"b3e6afab-f08a-42bc-8a45-12b62fdef6c0","responseTimeMs":1,"statusCode":404,"url":"/emails"}
{"level":"error","message":"Expected double-quoted property name in JSON at position 43","path":"/emails","requestId":"561a1a33-94e2-4b91-9a58-8e4b7cc362a3","stack":"SyntaxError: Expected double-quoted property name in JSON at position 43\n    at JSON.parse (<anonymous>)\n    at parse (/home/priyanshurajchauhan/Desktop/Traning/Week4/DAY5/node_modules/body-parser/lib/types/json.js:74:19)\n    at /home/priyanshurajchauhan/Desktop/Traning/Week4/DAY5/node_modules/body-parser/lib/read.js:163:18\n    at AsyncResource.runInAsyncScope (node:async_hooks:206:9)\n    at invokeCallback (/home/priyanshurajchauhan/Desktop/Traning/Week4/DAY5/node_modules/raw-body/index.js:238:16)\n    at done (/home/priyanshurajchauhan/Desktop/Traning/Week4/DAY5/node_modules/raw-body/index.js:227:7)\n    at IncomingMessage.onEnd (/home/priyanshurajchauhan/Desktop/Traning/Week4/DAY5/node_modules/raw-body/index.js:287:7)\n    at IncomingMessage.emit (node:events:524:28)\n    at endReadableNT (node:internal/streams/readable:1698:12)\n    at process.processTicksAndRejections (node:internal/process/task_queues:82:21)","statusCode":400}
{"level":"info","message":"HTTP request","method":"POST","requestId":"561a1a33-94e2-4b91-9a58-8e4b7cc362a3","responseTimeMs":1,"statusCode":400,"url":"/emails"}
{"level":"info","message":"HTTP request","method":"POST","requestId":"ccd10002-6a5d-4cd8-8e42-eccaf6953a46","responseTimeMs":1,"statusCode":404,"url":"/emails"}
{"level":"error","message":"Expected double-quoted property name in JSON at position 64","path":"/emails","requestId":"317d84b3-9135-434f-adb3-39ea3e3ff481","stack":"SyntaxError: Expected double-quoted property name in JSON at position 64\n    at JSON.parse (<anonymous>)\n    at parse (/home/priyanshurajchauhan/Desktop/Traning/Week4/DAY5/node_modules/body-parser/lib/types/json.js:74:19)\n    at /home/priyanshurajchauhan/Desktop/Traning/Week4/DAY5/node_modules/body-parser/lib/read.js:163:18\n    at AsyncResource.runInAsyncScope (node:async_hooks:206:9)\n    at invokeCallback (/home/priyanshurajchauhan/Desktop/Traning/Week4/DAY5/node_modules/raw-body/index.js:238:16)\n    at done (/home/priyanshurajchauhan/Desktop/Traning/Week4/DAY5/node_modules/raw-body/index.js:227:7)\n    at IncomingMessage.onEnd (/home/priyanshurajchauhan/Desktop/Traning/Week4/DAY5/node_modules/raw-body/index.js:287:7)\n    at IncomingMessage.emit (node:events:524:28)\n    at endReadableNT (node:internal/streams/readable:1698:12)\n    at process.processTicksAndRejections (node:internal/process/task_queues:82:21)","statusCode":400}
{"level":"info","message":"HTTP request","method":"POST","requestId":"317d84b3-9135-434f-adb3-39ea3e3ff481","responseTimeMs":1,"statusCode":400,"url":"/emails"}
{"level":"info","message":"HTTP request","method":"POST","requestId":"e040a792-952b-436d-8891-9ec5bf6a48b5","responseTimeMs":1,"statusCode":404,"url":"/emails"}
{"level":"error","message":"Expected double-quoted property name in JSON at position 95","path":"/emails","requestId":"3fedda7c-4284-46c1-93d8-8b1104a62ff0","stack":"SyntaxError: Expected double-quoted property name in JSON at position 95\n    at JSON.parse (<anonymous>)\n    at parse (/home/priyanshurajchauhan/Desktop/Traning/Week4/DAY5/node_modules/body-parser/lib/types/json.js:74:19)\n    at /home/priyanshurajchauhan/Desktop/Traning/Week4/DAY5/node_modules/body-parser/lib/read.js:163:18\n    at AsyncResource.runInAsyncScope (node:async_hooks:206:9)\n    at invokeCallback (/home/priyanshurajchauhan/Desktop/Traning/Week4/DAY5/node_modules/raw-body/index.js:238:16)\n    at done (/home/priyanshurajchauhan/Desktop/Traning/Week4/DAY5/node_modules/raw-body/index.js:227:7)\n    at IncomingMessage.onEnd (/home/priyanshurajchauhan/Desktop/Traning/Week4/DAY5/node_modules/raw-body/index.js:287:7)\n    at IncomingMessage.emit (node:events:524:28)\n    at endReadableNT (node:internal/streams/readable:1698:12)\n    at process.processTicksAndRejections (node:internal/process/task_queues:82:21)","statusCode":400}
{"level":"info","message":"HTTP request","method":"POST","requestId":"3fedda7c-4284-46c1-93d8-8b1104a62ff0","responseTimeMs":1,"statusCode":400,"url":"/emails"}
{"level":"info","message":"HTTP request","method":"POST","requestId":"9232c970-042e-48ce-abb6-80e4c54a8b9a","responseTimeMs":1,"statusCode":404,"url":"/emails"}
{"level":"info","message":"HTTP request","method":"POST","requestId":"e3e52083-319e-404b-9499-4c833a363602","responseTimeMs":1,"statusCode":404,"url":"/emails"}
{"level":"info","message":"HTTP request","method":"POST","requestId":"f34202e4-bf7e-49cb-91f6-e29cc9deffad","responseTimeMs":3,"statusCode":404,"url":"/emails"}
{"jobId":"2","level":"info","message":"Email job started"}
{"level":"info","message":"HTTP request","method":"POST","requestId":"c027cb9d-7631-429d-87a6-5083631d0d11","responseTimeMs":14,"statusCode":202,"url":"/emails"}
{"error":"SMTP server error","jobId":"2","level":"error","message":"Email job failed"}
{"jobId":"2","level":"info","message":"Email job started"}
{"jobId":"2","level":"info","message":"Email job sent successfully"}
{"jobId":"2","level":"info","message":"Email job completed"}
{"level":"error","message":"Unhandled error Unexpected non-whitespace character after JSON at position 92","path":"/emails","requestId":"ac7e9954-0b68-4319-911e-1def662d9c94","stack":"SyntaxError: Unexpected non-whitespace character after JSON at position 92\n    at JSON.parse (<anonymous>)\n    at parse (/home/priyanshurajchauhan/Desktop/Traning/Week4/DAY5/node_modules/body-parser/lib/types/json.js:74:19)\n    at /home/priyanshurajchauhan/Desktop/Traning/Week4/DAY5/node_modules/body-parser/lib/read.js:163:18\n    at AsyncResource.runInAsyncScope (node:async_hooks:206:9)\n    at invokeCallback (/home/priyanshurajchauhan/Desktop/Traning/Week4/DAY5/node_modules/raw-body/index.js:238:16)\n    at done (/home/priyanshurajchauhan/Desktop/Traning/Week4/DAY5/node_modules/raw-body/index.js:227:7)\n    at IncomingMessage.onEnd (/home/priyanshurajchauhan/Desktop/Traning/Week4/DAY5/node_modules/raw-body/index.js:287:7)\n    at IncomingMessage.emit (node:events:524:28)\n    at endReadableNT (node:internal/streams/readable:1698:12)\n    at process.processTicksAndRejections (node:internal/process/task_queues:82:21)"}
{"level":"info","message":"HTTP request","method":"POST","requestId":"ac7e9954-0b68-4319-911e-1def662d9c94","responseTimeMs":2,"statusCode":400,"url":"/emails"}
{"jobId":"3","level":"info","message":"Email job started"}
{"level":"info","message":"HTTP request","method":"POST","requestId":"ef7415c8-888d-4227-bf4f-23bf4bb1d6e2","responseTimeMs":2,"statusCode":202,"url":"/emails"}
{"error":"SMTP server error","jobId":"3","level":"error","message":"Email job failed"}
{"jobId":"3","level":"info","message":"Email job started"}
{"jobId":"3","level":"info","message":"Email job sent successfully"}
{"jobId":"3","level":"info","message":"Email job completed"}
{"level":"error","message":"Unhandled error Cannot destructure property 'email' of 'req.body' as it is undefined.","path":"/emails","requestId":"a566c5ff-9f81-4076-98b3-f9afc04af589","stack":"TypeError: Cannot destructure property 'email' of 'req.body' as it is undefined.\n    at addEmailJob (file:///home/priyanshurajchauhan/Desktop/Traning/Week4/DAY5/src/controllers/email.controller.js:5:13)\n    at Layer.handleRequest (/home/priyanshurajchauhan/Desktop/Traning/Week4/DAY5/node_modules/router/lib/layer.js:152:17)\n    at next (/home/priyanshurajchauhan/Desktop/Traning/Week4/DAY5/node_modules/router/lib/route.js:157:13)\n    at Route.dispatch (/home/priyanshurajchauhan/Desktop/Traning/Week4/DAY5/node_modules/router/lib/route.js:117:3)\n    at handle (/home/priyanshurajchauhan/Desktop/Traning/Week4/DAY5/node_modules/router/index.js:435:11)\n    at Layer.handleRequest (/home/priyanshurajchauhan/Desktop/Traning/Week4/DAY5/node_modules/router/lib/layer.js:152:17)\n    at /home/priyanshurajchauhan/Desktop/Traning/Week4/DAY5/node_modules/router/index.js:295:15\n    at processParams (/home/priyanshurajchauhan/Desktop/Traning/Week4/DAY5/node_modules/router/index.js:582:12)\n    at next (/home/priyanshurajchauhan/Desktop/Traning/Week4/DAY5/node_modules/router/index.js:291:5)\n    at Function.handle (/home/priyanshurajchauhan/Desktop/Traning/Week4/DAY5/node_modules/router/index.js:186:3)"}
{"level":"info","message":"HTTP request","method":"POST","requestId":"a566c5ff-9f81-4076-98b3-f9afc04af589","responseTimeMs":1,"statusCode":500,"url":"/emails"}
{"level":"error","message":"Unhandled error Cannot destructure property 'email' of 'req.body' as it is undefined.","path":"/emails","requestId":"4619df3d-1075-4936-b60e-e616adf2b145","stack":"TypeError: Cannot destructure property 'email' of 'req.body' as it is undefined.\n    at addEmailJob (file:///home/priyanshurajchauhan/Desktop/Traning/Week4/DAY5/src/controllers/email.controller.js:5:13)\n    at Layer.handleRequest (/home/priyanshurajchauhan/Desktop/Traning/Week4/DAY5/node_modules/router/lib/layer.js:152:17)\n    at next (/home/priyanshurajchauhan/Desktop/Traning/Week4/DAY5/node_modules/router/lib/route.js:157:13)\n    at Route.dispatch (/home/priyanshurajchauhan/Desktop/Traning/Week4/DAY5/node_modules/router/lib/route.js:117:3)\n    at handle (/home/priyanshurajchauhan/Desktop/Traning/Week4/DAY5/node_modules/router/index.js:435:11)\n    at Layer.handleRequest (/home/priyanshurajchauhan/Desktop/Traning/Week4/DAY5/node_modules/router/lib/layer.js:152:17)\n    at /home/priyanshurajchauhan/Desktop/Traning/Week4/DAY5/node_modules/router/index.js:295:15\n    at processParams (/home/priyanshurajchauhan/Desktop/Traning/Week4/DAY5/node_modules/router/index.js:582:12)\n    at next (/home/priyanshurajchauhan/Desktop/Traning/Week4/DAY5/node_modules/router/index.js:291:5)\n    at Function.handle (/home/priyanshurajchauhan/Desktop/Traning/Week4/DAY5/node_modules/router/index.js:186:3)"}
{"level":"info","message":"HTTP request","method":"POST","requestId":"4619df3d-1075-4936-b60e-e616adf2b145","responseTimeMs":1,"statusCode":500,"url":"/emails"}
{"level":"error","message":"Unhandled error Cannot destructure property 'email' of 'req.body' as it is undefined.","path":"/emails","requestId":"550df8e0-691c-4003-924a-a7f9e3d334fe","stack":"TypeError: Cannot destructure property 'email' of 'req.body' as it is undefined.\n    at addEmailJob (file:///home/priyanshurajchauhan/Desktop/Traning/Week4/DAY5/src/controllers/email.controller.js:5:13)\n    at Layer.handleRequest (/home/priyanshurajchauhan/Desktop/Traning/Week4/DAY5/node_modules/router/lib/layer.js:152:17)\n    at next (/home/priyanshurajchauhan/Desktop/Traning/Week4/DAY5/node_modules/router/lib/route.js:157:13)\n    at Route.dispatch (/home/priyanshurajchauhan/Desktop/Traning/Week4/DAY5/node_modules/router/lib/route.js:117:3)\n    at handle (/home/priyanshurajchauhan/Desktop/Traning/Week4/DAY5/node_modules/router/index.js:435:11)\n    at Layer.handleRequest (/home/priyanshurajchauhan/Desktop/Traning/Week4/DAY5/node_modules/router/lib/layer.js:152:17)\n    at /home/priyanshurajchauhan/Desktop/Traning/Week4/DAY5/node_modules/router/index.js:295:15\n    at processParams (/home/priyanshurajchauhan/Desktop/Traning/Week4/DAY5/node_modules/router/index.js:582:12)\n    at next (/home/priyanshurajchauhan/Desktop/Traning/Week4/DAY5/node_modules/router/index.js:291:5)\n    at Function.handle (/home/priyanshurajchauhan/Desktop/Traning/Week4/DAY5/node_modules/router/index.js:186:3)"}
{"level":"info","message":"HTTP request","method":"POST","requestId":"550df8e0-691c-4003-924a-a7f9e3d334fe","responseTimeMs":8,"statusCode":500,"url":"/emails"}
{"level":"error","message":"Unhandled error Cannot destructure property 'email' of 'req.body' as it is undefined.","path":"/emails","requestId":"49e1ec50-579c-4afc-9d5b-bba84b8853c1","stack":"TypeError: Cannot destructure property 'email' of 'req.body' as it is undefined.\n    at addEmailJob (file:///home/priyanshurajchauhan/Desktop/Traning/Week4/DAY5/src/controllers/email.controller.js:5:13)\n    at Layer.handleRequest (/home/priyanshurajchauhan/Desktop/Traning/Week4/DAY5/node_modules/router/lib/layer.js:152:17)\n    at next (/home/priyanshurajchauhan/Desktop/Traning/Week4/DAY5/node_modules/router/lib/route.js:157:13)\n    at Route.dispatch (/home/priyanshurajchauhan/Desktop/Traning/Week4/DAY5/node_modules/router/lib/route.js:117:3)\n    at handle (/home/priyanshurajchauhan/Desktop/Traning/Week4/DAY5/node_modules/router/index.js:435:11)\n    at Layer.handleRequest (/home/priyanshurajchauhan/Desktop/Traning/Week4/DAY5/node_modules/router/lib/layer.js:152:17)\n    at /home/priyanshurajchauhan/Desktop/Traning/Week4/DAY5/node_modules/router/index.js:295:15\n    at processParams (/home/priyanshurajchauhan/Desktop/Traning/Week4/DAY5/node_modules/router/index.js:582:12)\n    at next (/home/priyanshurajchauhan/Desktop/Traning/Week4/DAY5/node_modules/router/index.js:291:5)\n    at Function.handle (/home/priyanshurajchauhan/Desktop/Traning/Week4/DAY5/node_modules/router/index.js:186:3)"}
{"level":"info","message":"HTTP request","method":"POST","requestId":"49e1ec50-579c-4afc-9d5b-bba84b8853c1","responseTimeMs":16,"statusCode":500,"url":"/emails"}
{"level":"error","message":"Unhandled error Cannot destructure property 'email' of 'req.body' as it is undefined.","path":"/emails","requestId":"39039205-997d-40c5-819e-2dc7a8e049a1","stack":"TypeError: Cannot destructure property 'email' of 'req.body' as it is undefined.\n    at addEmailJob (file:///home/priyanshurajchauhan/Desktop/Traning/Week4/DAY5/src/controllers/email.controller.js:5:13)\n    at Layer.handleRequest (/home/priyanshurajchauhan/Desktop/Traning/Week4/DAY5/node_modules/router/lib/layer.js:152:17)\n    at next (/home/priyanshurajchauhan/Desktop/Traning/Week4/DAY5/node_modules/router/lib/route.js:157:13)\n    at Route.dispatch (/home/priyanshurajchauhan/Desktop/Traning/Week4/DAY5/node_modules/router/lib/route.js:117:3)\n    at handle (/home/priyanshurajchauhan/Desktop/Traning/Week4/DAY5/node_modules/router/index.js:435:11)\n    at Layer.handleRequest (/home/priyanshurajchauhan/Desktop/Traning/Week4/DAY5/node_modules/router/lib/layer.js:152:17)\n    at /home/priyanshurajchauhan/Desktop/Traning/Week4/DAY5/node_modules/router/index.js:295:15\n    at processParams (/home/priyanshurajchauhan/Desktop/Traning/Week4/DAY5/node_modules/router/index.js:582:12)\n    at next (/home/priyanshurajchauhan/Desktop/Traning/Week4/DAY5/node_modules/router/index.js:291:5)\n    at Function.handle (/home/priyanshurajchauhan/Desktop/Traning/Week4/DAY5/node_modules/router/index.js:186:3)"}
{"level":"info","message":"HTTP request","method":"POST","requestId":"39039205-997d-40c5-819e-2dc7a8e049a1","responseTimeMs":14,"statusCode":500,"url":"/emails"}
{"jobId":"4","level":"info","message":"Email job started"}
{"level":"info","message":"HTTP request","method":"POST","requestId":"7b0e7a1c-5daf-446e-97f1-9d0ae6982390","responseTimeMs":28,"statusCode":202,"url":"/emails"}
{"jobId":"4","level":"info","message":"Email job sent successfully"}
{"jobId":"4","level":"info","message":"Email job completed"}
{"jobId":"5","level":"info","message":"Email job started"}
{"level":"info","message":"HTTP request","method":"POST","requestId":"81b5a1cd-765e-40ce-bec8-0a59cc461057","responseTimeMs":1,"statusCode":202,"url":"/emails"}
{"error":"SMTP server error","jobId":"5","level":"error","message":"Email job failed"}
{"jobId":"5","level":"info","message":"Email job started"}
{"error":"SMTP server error","jobId":"5","level":"error","message":"Email job failed"}
{"jobId":"5","level":"info","message":"Email job started"}
{"jobId":"5","level":"info","message":"Email job sent successfully"}
{"jobId":"5","level":"info","message":"Email job completed"}
{"level":"info","message":"HTTP request","method":"POST","requestId":"a1769f6c-a142-4653-a55d-05dfdb1ad6c3","responseTimeMs":1,"statusCode":202,"url":"/emails"}
{"jobId":"6","level":"info","message":"Email job started"}
{"error":"SMTP server error","jobId":"6","level":"error","message":"Email job failed"}
{"jobId":"6","level":"info","message":"Email job started"}
{"jobId":"6","level":"info","message":"Email job sent successfully"}
{"jobId":"6","level":"info","message":"Email job completed"}
{"level":"info","message":"HTTP request","method":"GET","requestId":"4af98a9d-a0da-4ee3-ab47-8cf5c01da8aa","responseTimeMs":10,"statusCode":404,"url":"/emails"}
{"level":"info","message":"HTTP request","method":"GET","requestId":"32c51e6a-c564-453b-a106-132f4ff7a8eb","responseTimeMs":6,"statusCode":404,"url":"/emails"}
{"level":"info","message":"HTTP request","method":"GET","requestId":"bb606580-3811-429b-af8e-be77a85272e5","responseTimeMs":4,"statusCode":404,"url":"/"}
{"level":"info","message":"HTTP request","method":"GET","requestId":"9b6fb698-21ee-487d-965c-74575fbf1e7c","responseTimeMs":4,"statusCode":404,"url":"/"}
